Test (2A): election after network failure ...
[detectHeartBeat term 0 state 1]:peer 2 convert to Candidate after timeout
term[0]: peer[2] start election
[detectHeartBeat term 0 state 1]:peer 0 convert to Candidate after timeout
term[0]: peer[0] start election
[detectHeartBeat term 0 state 1]:peer 1 convert to Candidate after timeout
term[0]: peer[1] start election
[RequestVote term 1 state 2]:peer 2 convert to Candidate after granting vote to 2
[RequestVote term 1 state 2]:peer 2 received requestVote from 0, but not vote.
[RequestVote term 1 state 2]:peer 2 received requestVote from 0, but not vote.
[RequestVote term 1 state 2]:peer 2 received requestVote from 1, but not vote.
[RequestVote term 1 state 2]:peer 2 received requestVote from 2, but not vote.
[RequestVote term 1 state 2]:peer 2 received requestVote from 1, but not vote.
term[1]: peer[2] become leader
[sendHeartBeat term 1 state 0]: leader(2) send heartbeat to peer(0)
[sendHeartBeat term 1 state 0]: leader(2) send heartbeat to peer(1)
[AppendEntries term 1 state 2]:peer 0 convert to follower, args.term[1]
[AppendEntries term 1 state 1]: peer(0) received heartbeat from leader(2)
[AppendEntries term 1 state 2]:peer 1 convert to follower, args.term[1]
[AppendEntries term 1 state 1]: peer(1) received heartbeat from leader(2)
[sendHeartBeat term 1 state 0]: leader(2) send heartbeat to peer(1)
[sendHeartBeat term 1 state 0]: leader(2) send heartbeat to peer(0)
[AppendEntries term 1 state 1]: peer(1) received heartbeat from leader(2)
[AppendEntries term 1 state 1]: peer(0) received heartbeat from leader(2)
[sendHeartBeat term 1 state 0]: leader(2) send heartbeat to peer(1)
[sendHeartBeat term 1 state 0]: leader(2) send heartbeat to peer(0)
[AppendEntries term 1 state 1]: peer(0) received heartbeat from leader(2)
[AppendEntries term 1 state 1]: peer(1) received heartbeat from leader(2)
[sendHeartBeat term 1 state 0]: leader(2) send heartbeat to peer(1)
[sendHeartBeat term 1 state 0]: leader(2) send heartbeat to peer(0)
[AppendEntries term 1 state 1]: peer(0) received heartbeat from leader(2)
[AppendEntries term 1 state 1]: peer(1) received heartbeat from leader(2)
[sendHeartBeat term 1 state 0]: leader(2) send heartbeat to peer(0)
[sendHeartBeat term 1 state 0]: leader(2) send heartbeat to peer(1)
[sendHeartBeat term 1 state 0]: leader(2) send heartbeat to peer(1)
[sendHeartBeat term 1 state 0]: leader(2) send heartbeat to peer(0)
[sendHeartBeat term 1 state 0]: leader(2) send heartbeat to peer(1)
[sendHeartBeat term 1 state 0]: leader(2) send heartbeat to peer(0)
[sendHeartBeat term 1 state 0]: leader(2) send heartbeat to peer(1)
[sendHeartBeat term 1 state 0]: leader(2) send heartbeat to peer(0)
[sendHeartBeat term 1 state 0]: leader(2) send heartbeat to peer(1)
[sendHeartBeat term 1 state 0]: leader(2) send heartbeat to peer(0)
[detectHeartBeat term 1 state 1]:peer 0 convert to Candidate after timeout
term[1]: peer[0] start election
[detectHeartBeat term 1 state 1]:peer 1 convert to Candidate after timeout
term[1]: peer[1] start election
[sendHeartBeat term 1 state 0]: leader(2) send heartbeat to peer(1)
[sendHeartBeat term 1 state 0]: leader(2) send heartbeat to peer(0)
[onElection term 2 state 2]: peer 1 send RequestVote RPC to 2 failed
[sendHeartBeat term 1 state 0]: leader(2) send heartbeat to peer(1)
[sendHeartBeat term 1 state 0]: leader(2) send heartbeat to peer(0)
[sendHeartBeat term 1 state 0]: leader(2) send heartbeat to peer(0)
[sendHeartBeat term 1 state 0]: leader(2) send heartbeat to peer(1)
[sendHeartBeat term 1 state 0]: leader(2) send heartbeat to peer(1)
[sendHeartBeat term 1 state 0]: leader(2) send heartbeat to peer(0)
[sendHeartBeat term 1 state 0]: leader(2) send heartbeat to peer(1)
[sendHeartBeat term 1 state 0]: leader(2) send heartbeat to peer(0)
[onElection term 2 state 2]: peer(1) election timeout, votedNum(1), peersNum/2(1)
term[2]: peer[1] start election
[onElection term 2 state 2]: peer(0) election timeout, votedNum(1), peersNum/2(1)
term[2]: peer[0] start election
[sendHeartBeat term 1 state 0]: leader(2) send heartbeat to peer(1)
[sendHeartBeat term 1 state 0]: leader(2) send heartbeat to peer(0)
[sendHeartBeat term 1 state 0]: leader(2) send heartbeat to peer(1)
[sendHeartBeat term 1 state 0]: leader(2) send heartbeat to peer(0)
[onElection term 2 state 2]: peer 0 send RequestVote RPC to 2 failed
[sendHeartBeat term 1 state 0]: leader(2) send heartbeat to peer(1)
[sendHeartBeat term 1 state 0]: leader(2) send heartbeat to peer(0)
[sendHeartBeat term 1 state 0]: leader(2) send heartbeat to peer(1)
[sendHeartBeat term 1 state 0]: leader(2) send heartbeat to peer(0)
[sendHeartBeat term 1 state 0]: leader(2) send heartbeat to peer(0)
[sendHeartBeat term 1 state 0]: leader(2) send heartbeat to peer(1)
[sendHeartBeat term 1 state 0]: leader(2) send heartbeat to peer(1)
[sendHeartBeat term 1 state 0]: leader(2) send heartbeat to peer(0)
[onElection term 3 state 2]: peer(1) election timeout, votedNum(1), peersNum/2(1)
term[3]: peer[1] start election
[onElection term 3 state 2]: peer(0) election timeout, votedNum(1), peersNum/2(1)
term[3]: peer[0] start election
[sendHeartBeat term 1 state 0]: leader(2) send heartbeat to peer(1)
[sendHeartBeat term 1 state 0]: leader(2) send heartbeat to peer(0)
[sendHeartBeat term 1 state 0]: leader(2) send heartbeat to peer(1)
[sendHeartBeat term 1 state 0]: leader(2) send heartbeat to peer(0)
[sendHeartBeat term 1 state 0]: leader(2) send heartbeat to peer(1)
[sendHeartBeat term 1 state 0]: leader(2) send heartbeat to peer(0)
[sendHeartBeat term 1 state 0]: leader(2) send heartbeat to peer(1)
[sendHeartBeat term 1 state 0]: leader(2) send heartbeat to peer(0)
[sendHeartBeat term 1 state 0]: leader(2) send heartbeat to peer(1)
[sendHeartBeat term 1 state 0]: leader(2) send heartbeat to peer(0)
[onElection term 4 state 2]: peer(1) election timeout, votedNum(1), peersNum/2(1)
term[4]: peer[1] start election
[onElection term 4 state 2]: peer(0) election timeout, votedNum(1), peersNum/2(1)
term[4]: peer[0] start election
[sendHeartBeat term 1 state 0]: leader(2) send heartbeat to peer(1)
[sendHeartBeat term 1 state 0]: leader(2) send heartbeat to peer(0)
[onElection term 5 state 2]: peer 1 send RequestVote RPC to 2 failed
[sendHeartBeat term 1 state 0]: leader(2) send heartbeat to peer(1)
[sendHeartBeat term 1 state 0]: leader(2) send heartbeat to peer(0)
[sendHeartBeat term 1 state 0]: leader(2) send heartbeat to peer(1)
[sendHeartBeat term 1 state 0]: leader(2) send heartbeat to peer(0)
[sendHeartBeat term 1 state 0]: leader(2) send heartbeat to peer(1)
[sendHeartBeat term 1 state 0]: leader(2) send heartbeat to peer(0)
[onElection term 4 state 2]: peer 0 send RequestVote RPC to 2 failed
[onElection term 5 state 2]: peer(1) election timeout, votedNum(1), peersNum/2(1)
term[5]: peer[1] start election
[sendHeartBeat term 1 state 0]: leader(2) send heartbeat to peer(1)
[onElection term 5 state 2]: peer(0) election timeout, votedNum(1), peersNum/2(1)
term[5]: peer[0] start election
[sendHeartBeat term 1 state 0]: leader(2) send heartbeat to peer(0)
[sendHeartBeat term 1 state 0]: leader(2) send heartbeat to peer(1)
[sendHeartBeat term 1 state 0]: leader(2) send heartbeat to peer(0)
[onElection term 6 state 2]: peer 0 send RequestVote RPC to 2 failed
[sendHeartBeat term 1 state 0]: leader(2) send heartbeat to peer(1)
[sendHeartBeat term 1 state 0]: leader(2) send heartbeat to peer(0)
[sendHeartBeat term 1 state 0]: leader(2) send heartbeat to peer(1)
[sendHeartBeat term 1 state 0]: leader(2) send heartbeat to peer(0)
[sendHeartBeat term 1 state 0]: leader(2) send heartbeat to peer(1)
[sendHeartBeat term 1 state 0]: leader(2) send heartbeat to peer(0)
[sendHeartBeat term 1 state 0]: leader(2) send heartbeat to peer(1)
[sendHeartBeat term 1 state 0]: leader(2) send heartbeat to peer(0)
[sendHeartBeat term 1 state 0]: leader(2) send heartbeat to peer(1)
[sendHeartBeat term 1 state 0]: leader(2) send heartbeat to peer(0)
[onElection term 6 state 2]: peer(1) election timeout, votedNum(1), peersNum/2(1)
term[6]: peer[1] start election
[onElection term 6 state 2]: peer(0) election timeout, votedNum(1), peersNum/2(1)
term[6]: peer[0] start election
[sendHeartBeat term 1 state 0]: leader(2) send heartbeat to peer(1)
[sendHeartBeat term 1 state 0]: leader(2) send heartbeat to peer(0)
[sendHeartBeat term 1 state 0]: leader(2) send heartbeat to peer(1)
[sendHeartBeat term 1 state 0]: leader(2) send heartbeat to peer(0)
[sendHeartBeat term 1 state 0]: leader(2) send heartbeat to peer(1)
[sendHeartBeat term 1 state 0]: leader(2) send heartbeat to peer(0)
[sendHeartBeat term 1 state 0]: leader(2) send heartbeat to peer(1)
[sendHeartBeat term 1 state 0]: leader(2) send heartbeat to peer(0)
[sendHeartBeat term 1 state 0]: leader(2) send heartbeat to peer(1)
[sendHeartBeat term 1 state 0]: leader(2) send heartbeat to peer(0)
[sendHeartBeat term 1 state 0]: leader(2) send heartbeat to peer(1)
[sendHeartBeat term 1 state 0]: leader(2) send heartbeat to peer(0)
[onElection term 2 state 2]: peer 1 send RequestVote RPC to 2 failed
[onElection term 7 state 2]: peer(1) election timeout, votedNum(1), peersNum/2(1)
term[7]: peer[1] start election
[onElection term 7 state 2]: peer(0) election timeout, votedNum(1), peersNum/2(1)
term[7]: peer[0] start election
[sendHeartBeat term 1 state 0]: leader(2) send heartbeat to peer(1)
[sendHeartBeat term 1 state 0]: leader(2) send heartbeat to peer(0)
[sendHeartBeat term 1 state 0]: leader(2) send heartbeat to peer(1)
[sendHeartBeat term 1 state 0]: leader(2) send heartbeat to peer(0)
[sendHeartBeat term 1 state 0]: leader(2) send heartbeat to peer(1)
[sendHeartBeat term 1 state 0]: leader(2) send heartbeat to peer(0)
[sendHeartBeat term 1 state 0]: leader(2) send heartbeat to peer(1)
[sendHeartBeat term 1 state 0]: leader(2) send heartbeat to peer(0)
[sendHeartBeat term 1 state 0]: leader(2) send heartbeat to peer(0)
[sendHeartBeat term 1 state 0]: leader(2) send heartbeat to peer(1)
[sendHeartBeat term 1 state 0]: leader(2) send heartbeat to peer(1)
[sendHeartBeat term 1 state 0]: leader(2) send heartbeat to peer(0)
[onElection term 8 state 2]: peer(1) election timeout, votedNum(1), peersNum/2(1)
term[8]: peer[1] start election
[onElection term 8 state 2]: peer(0) election timeout, votedNum(1), peersNum/2(1)
term[8]: peer[0] start election
[sendHeartBeat term 1 state 0]: leader(2) send heartbeat to peer(1)
[sendHeartBeat term 1 state 0]: leader(2) send heartbeat to peer(0)
[sendHeartBeat term 1 state 0]: leader(2) send heartbeat to peer(1)
[sendHeartBeat term 1 state 0]: leader(2) send heartbeat to peer(0)
[sendHeartBeat term 1 state 0]: leader(2) send heartbeat to peer(1)
[sendHeartBeat term 1 state 0]: leader(2) send heartbeat to peer(0)
--- FAIL: TestReElection2A (6.05s)
	config.go:326: expected one leader, got none
FAIL
exit status 1
FAIL	raft	6.059s
